<?xml version="1.0" encoding="UTF-8"?>
<testsuite xmlns:xsi="http://www.w3.org/2001/XMLSchema-instance" xsi:noNamespaceSchemaLocation="https://maven.apache.org/surefire/maven-surefire-plugin/xsd/surefire-test-report.xsd" name="deadlinefighters.analyticsframework.plugin.data.CSVFileDataPluginTest" time="0.085" tests="8" errors="0" skipped="0" failures="0">
  <properties>
[...]
</properties>
  <testcase name="testGetStockQuoteNoSymbol" classname="deadlinefighters.analyticsframework.plugin.data.CSVFileDataPluginTest" time="0.046"/>
  <testcase name="testGetStockQuotesAll" classname="deadlinefighters.analyticsframework.plugin.data.CSVFileDataPluginTest" time="0.023"/>
  <testcase name="testGetStockQuoteDouble" classname="deadlinefighters.analyticsframework.plugin.data.CSVFileDataPluginTest" time="0.003"/>
  <testcase name="testGetColIndex" classname="deadlinefighters.analyticsframework.plugin.data.CSVFileDataPluginTest" time="0.001"/>
  <testcase name="testGetStockQuotesAllError" classname="deadlinefighters.analyticsframework.plugin.data.CSVFileDataPluginTest" time="0.003"/>
  <testcase name="testGetStockQuoteDateFormat" classname="deadlinefighters.analyticsframework.plugin.data.CSVFileDataPluginTest" time="0.001"/>
  <testcase name="testOpenConnectionExist" classname="deadlinefighters.analyticsframework.plugin.data.CSVFileDataPluginTest" time="0.001"/>
  <testcase name="testOpenConnectionNotFound" classname="deadlinefighters.analyticsframework.plugin.data.CSVFileDataPluginTest" time="0.002"/>
</testsuite>